[debug] [2025-02-22T14:09:10.040Z] ----------------------------------------------------------------------
[debug] [2025-02-22T14:09:10.044Z] Command:       C:\Program Files\nodejs\node.exe C:\Program Files\nodejs\node_modules\firebase-tools\lib\bin\firebase.js init
[debug] [2025-02-22T14:09:10.044Z] CLI Version:   13.31.1
[debug] [2025-02-22T14:09:10.044Z] Platform:      win32
[debug] [2025-02-22T14:09:10.045Z] Node Version:  v22.11.0
[debug] [2025-02-22T14:09:10.045Z] Time:          Sat Feb 22 2025 19:39:10 GMT+0530 (India Standard Time)
[debug] [2025-02-22T14:09:10.045Z] ----------------------------------------------------------------------
[debug] 
[debug] [2025-02-22T14:09:10.053Z] > command requires scopes: ["email","openid","https://www.googleapis.com/auth/cloudplatformprojects.readonly","https://www.googleapis.com/auth/firebase","https://www.googleapis.com/auth/cloud-platform"]
[debug] [2025-02-22T14:09:10.054Z] > authorizing via signed-in user (ridhimakejriwal@gmail.com)
[info] 
     ######## #### ########  ######## ########     ###     ######  ########
     ##        ##  ##     ## ##       ##     ##  ##   ##  ##       ##
     ######    ##  ########  ######   ########  #########  ######  ######
     ##        ##  ##    ##  ##       ##     ## ##     ##       ## ##
     ##       #### ##     ## ######## ########  ##     ##  ######  ########

You're about to initialize a Firebase project in this directory:

  D:\my-weather-app

[info] 
=== Project Setup
[info] 
[info] First, let's associate this project directory with a Firebase project.
[info] You can create multiple project aliases by running firebase use --add, 
[info] but for now we'll just set up a default project.
[info] 
[debug] [2025-02-22T14:09:19.058Z] Checked if tokens are valid: true, expires at: 1740236532089
[debug] [2025-02-22T14:09:19.058Z] Checked if tokens are valid: true, expires at: 1740236532089
[debug] [2025-02-22T14:09:19.060Z] >>> [apiv2][query] GET https://firebase.googleapis.com/v1beta1/availableProjects pageSize=100
[debug] [2025-02-22T14:09:20.292Z] <<< [apiv2][status] GET https://firebase.googleapis.com/v1beta1/availableProjects 200
[debug] [2025-02-22T14:09:20.293Z] <<< [apiv2][body] GET https://firebase.googleapis.com/v1beta1/availableProjects [omitted]
[debug] [2025-02-22T14:09:24.593Z] Checked if tokens are valid: true, expires at: 1740236532089
[debug] [2025-02-22T14:09:24.593Z] Checked if tokens are valid: true, expires at: 1740236532089
[debug] [2025-02-22T14:09:24.593Z] >>> [apiv2][query] POST https://firebase.googleapis.com/v1beta1/projects/my-weather-app-ridhima:addFirebase [none]
[debug] [2025-02-22T14:09:25.319Z] <<< [apiv2][status] POST https://firebase.googleapis.com/v1beta1/projects/my-weather-app-ridhima:addFirebase 403
[debug] [2025-02-22T14:09:25.320Z] <<< [apiv2][body] POST https://firebase.googleapis.com/v1beta1/projects/my-weather-app-ridhima:addFirebase {"error":{"code":403,"message":"The caller does not have permission","status":"PERMISSION_DENIED"}}
[debug] [2025-02-22T14:09:25.321Z] Request to https://firebase.googleapis.com/v1beta1/projects/my-weather-app-ridhima:addFirebase had HTTP Error: 403, The caller does not have permission
[debug] [2025-02-22T14:09:25.650Z] FirebaseError: Request to https://firebase.googleapis.com/v1beta1/projects/my-weather-app-ridhima:addFirebase had HTTP Error: 403, The caller does not have permission
    at responseToError (C:\Users\Dell\AppData\Roaming\nvm\v22.11.0\node_modules\firebase-tools\lib\responseToError.js:52:12)
    at RetryOperation._fn (C:\Users\Dell\AppData\Roaming\nvm\v22.11.0\node_modules\firebase-tools\lib\apiv2.js:312:77)
    at process.processTicksAndRejections (node:internal/process/task_queues:105:5)
[error] 
[error] Error: Failed to add Firebase to Google Cloud Platform project. See firebase-debug.log for more info.
